# JRE version: Java(TM) SE Runtime Environment (8.0_191-b12) (build 1.8.0_191-b12)
# Java VM: Java HotSpot(TM) Client VM (25.191-b12 mixed mode windows-x86 )
Heap:
 def new generation   total 89664K, used 41166K [0x05000000, 0x0b140000, 0x0faa0000)
  eden space 79744K,  51% used [0x05000000, 0x078289b0, 0x09de0000)
  from space 9920K,   0% used [0x09de0000, 0x09deae78, 0x0a790000)
  to   space 9920K,   0% used [0x0a790000, 0x0a790000, 0x0b140000)
 tenured generation   total 199004K, used 190880K [0x0faa0000, 0x1bcf7000, 0x25000000)
   the space 199004K,  95% used [0x0faa0000, 0x1b5083d8, 0x1b508400, 0x1bcf7000)
 Metaspace       used 19761K, capacity 20266K, committed 20352K, reserved 20864K
GC Heap History (10 events):
Event: 754514.732 GC heap before
{Heap before GC invocations=390 (full 3):
 def new generation   total 89664K, used 79782K [0x05000000, 0x0b140000, 0x0faa0000)
  eden space 79744K, 100% used [0x05000000, 0x09de0000, 0x09de0000)
  from space 9920K,   0% used [0x0a790000, 0x0a799bb8, 0x0b140000)
  to   space 9920K,   0% used [0x09de0000, 0x09de0000, 0x0a790000)
 tenured generation   total 199004K, used 190880K [0x0faa0000, 0x1bcf7000, 0x25000000)
   the space 199004K,  95% used [0x0faa0000, 0x1b508350, 0x1b508400, 0x1bcf7000)
 Metaspace       used 19761K, capacity 20266K, committed 20352K, reserved 20864K
Event: 754514.734 GC heap after
Heap after GC invocations=391 (full 3):
 def new generation   total 89664K, used 53K [0x05000000, 0x0b140000, 0x0faa0000)
  eden space 79744K,   0% used [0x05000000, 0x05000000, 0x09de0000)
  from space 9920K,   0% used [0x09de0000, 0x09ded598, 0x0a790000)
  to   space 9920K,   0% used [0x0a790000, 0x0a790000, 0x0b140000)
 tenured generation   total 199004K, used 190880K [0x0faa0000, 0x1bcf7000, 0x25000000)
   the space 199004K,  95% used [0x0faa0000, 0x1b508350, 0x1b508400, 0x1bcf7000)
 Metaspace       used 19761K, capacity 20266K, committed 20352K, reserved 20864K
}
Event: 756652.168 GC heap before
{Heap before GC invocations=391 (full 3):
 def new generation   total 89664K, used 79797K [0x05000000, 0x0b140000, 0x0faa0000)
  eden space 79744K, 100% used [0x05000000, 0x09de0000, 0x09de0000)
  from space 9920K,   0% used [0x09de0000, 0x09ded598, 0x0a790000)
  to   space 9920K,   0% used [0x0a790000, 0x0a790000, 0x0b140000)
 tenured generation   total 199004K, used 190880K [0x0faa0000, 0x1bcf7000, 0x25000000)
   the space 199004K,  95% used [0x0faa0000, 0x1b508350, 0x1b508400, 0x1bcf7000)
 Metaspace       used 19761K, capacity 20266K, committed 20352K, reserved 20864K
Event: 756652.170 GC heap after
Heap after GC invocations=392 (full 3):
 def new generation   total 89664K, used 61K [0x05000000, 0x0b140000, 0x0faa0000)
  eden space 79744K,   0% used [0x05000000, 0x05000000, 0x09de0000)
  from space 9920K,   0% used [0x0a790000, 0x0a79f6b0, 0x0b140000)
  to   space 9920K,   0% used [0x09de0000, 0x09de0000, 0x0a790000)
 tenured generation   total 199004K, used 190880K [0x0faa0000, 0x1bcf7000, 0x25000000)
   the space 199004K,  95% used [0x0faa0000, 0x1b5083d8, 0x1b508400, 0x1bcf7000)
 Metaspace       used 19761K, capacity 20266K, committed 20352K, reserved 20864K
}
Event: 758824.216 GC heap before
{Heap before GC invocations=392 (full 3):
 def new generation   total 89664K, used 79805K [0x05000000, 0x0b140000, 0x0faa0000)
  eden space 79744K, 100% used [0x05000000, 0x09de0000, 0x09de0000)
  from space 9920K,   0% used [0x0a790000, 0x0a79f6b0, 0x0b140000)
  to   space 9920K,   0% used [0x09de0000, 0x09de0000, 0x0a790000)
 tenured generation   total 199004K, used 190880K [0x0faa0000, 0x1bcf7000, 0x25000000)
   the space 199004K,  95% used [0x0faa0000, 0x1b5083d8, 0x1b508400, 0x1bcf7000)
 Metaspace       used 19761K, capacity 20266K, committed 20352K, reserved 20864K
Event: 758824.218 GC heap after
Heap after GC invocations=393 (full 3):
 def new generation   total 89664K, used 58K [0x05000000, 0x0b140000, 0x0faa0000)
  eden space 79744K,   0% used [0x05000000, 0x05000000, 0x09de0000)
  from space 9920K,   0% used [0x09de0000, 0x09deeb78, 0x0a790000)
  to   space 9920K,   0% used [0x0a790000, 0x0a790000, 0x0b140000)
 tenured generation   total 199004K, used 190880K [0x0faa0000, 0x1bcf7000, 0x25000000)
   the space 199004K,  95% used [0x0faa0000, 0x1b5083d8, 0x1b508400, 0x1bcf7000)
 Metaspace       used 19761K, capacity 20266K, committed 20352K, reserved 20864K
}
Event: 760839.999 GC heap before
{Heap before GC invocations=393 (full 3):
 def new generation   total 89664K, used 79802K [0x05000000, 0x0b140000, 0x0faa0000)
  eden space 79744K, 100% used [0x05000000, 0x09de0000, 0x09de0000)
  from space 9920K,   0% used [0x09de0000, 0x09deeb78, 0x0a790000)
  to   space 9920K,   0% used [0x0a790000, 0x0a790000, 0x0b140000)
 tenured generation   total 199004K, used 190880K [0x0faa0000, 0x1bcf7000, 0x25000000)
   the space 199004K,  95% used [0x0faa0000, 0x1b5083d8, 0x1b508400, 0x1bcf7000)
 Metaspace       used 19761K, capacity 20266K, committed 20352K, reserved 20864K
Event: 760840.001 GC heap after
Heap after GC invocations=394 (full 3):
 def new generation   total 89664K, used 48K [0x05000000, 0x0b140000, 0x0faa0000)
  eden space 79744K,   0% used [0x05000000, 0x05000000, 0x09de0000)
  from space 9920K,   0% used [0x0a790000, 0x0a79c0e0, 0x0b140000)
  to   space 9920K,   0% used [0x09de0000, 0x09de0000, 0x0a790000)
 tenured generation   total 199004K, used 190880K [0x0faa0000, 0x1bcf7000, 0x25000000)
   the space 199004K,  95% used [0x0faa0000, 0x1b5083d8, 0x1b508400, 0x1bcf7000)
 Metaspace       used 19761K, capacity 20266K, committed 20352K, reserved 20864K
}
Event: 762753.952 GC heap before
{Heap before GC invocations=394 (full 3):
 def new generation   total 89664K, used 79792K [0x05000000, 0x0b140000, 0x0faa0000)
  eden space 79744K, 100% used [0x05000000, 0x09de0000, 0x09de0000)
  from space 9920K,   0% used [0x0a790000, 0x0a79c0e0, 0x0b140000)
  to   space 9920K,   0% used [0x09de0000, 0x09de0000, 0x0a790000)
 tenured generation   total 199004K, used 190880K [0x0faa0000, 0x1bcf7000, 0x25000000)
   the space 199004K,  95% used [0x0faa0000, 0x1b5083d8, 0x1b508400, 0x1bcf7000)
 Metaspace       used 19761K, capacity 20266K, committed 20352K, reserved 20864K
Event: 762753.955 GC heap after
Heap after GC invocations=395 (full 3):
 def new generation   total 89664K, used 43K [0x05000000, 0x0b140000, 0x0faa0000)
  eden space 79744K,   0% used [0x05000000, 0x05000000, 0x09de0000)
  from space 9920K,   0% used [0x09de0000, 0x09deae78, 0x0a790000)
  to   space 9920K,   0% used [0x0a790000, 0x0a790000, 0x0b140000)
 tenured generation   total 199004K, used 190880K [0x0faa0000, 0x1bcf7000, 0x25000000)
   the space 199004K,  95% used [0x0faa0000, 0x1b5083d8, 0x1b508400, 0x1bcf7000)
 Metaspace       used 19761K, capacity 20266K, committed 20352K, reserved 20864K
}

